<?xml version="1.0" encoding="UTF-8"?>
<!-- Generated by org.testng.reporters.JUnitXMLReporter -->
<testsuite ignored="0" hostname="DESKTOP-VNGG6D2" failures="0" tests="2" name="Test" time="0.166" errors="0" timestamp="2024-02-23T14:09:50 IST">
  <testcase classname="TestNGExcution.Base_Script" name="@BeforeMethod openApp" time="0.011">
    <failure type="java.lang.NullPointerException" message="Cannot invoke &amp;quot;org.openqa.selenium.WebDriver.get(String)&amp;quot; because &amp;quot;this.driver&amp;quot; is null">
      <![CDATA[java.lang.NullPointerException: Cannot invoke "org.openqa.selenium.WebDriver.get(String)" because "this.driver" is null
at TestNGExcution.Base_Script.openApp(Base_Script.java:31)
at java.base/java.util.ArrayList.forEach(ArrayList.java:1511)
... Removed 31 stack frames]]>
    </failure>
  </testcase> <!-- @BeforeMethod openApp -->
  <testcase classname="TestNGExcution.Base_Script" name="@AfterMethod testMethodExcution" time="0.0">
    <skipped/>
  </testcase> <!-- @AfterMethod testMethodExcution -->
  <testcase classname="TestNGExcution.Base_Script" name="@AfterClass closeBrowser" time="0.0">
    <skipped/>
  </testcase> <!-- @AfterClass closeBrowser -->
  <testcase classname="TestNGExcution.Base_Script" name="@AfterClass openBrowser" time="0.0">
    <skipped/>
  </testcase> <!-- @AfterClass openBrowser -->
  <testcase classname="TestNGExcution.Base_Script" name="@BeforeMethod openApp" time="0.001">
    <failure type="java.lang.NullPointerException" message="Cannot invoke &amp;quot;org.openqa.selenium.WebDriver.get(String)&amp;quot; because &amp;quot;this.driver&amp;quot; is null">
      <![CDATA[java.lang.NullPointerException: Cannot invoke "org.openqa.selenium.WebDriver.get(String)" because "this.driver" is null
at TestNGExcution.Base_Script.openApp(Base_Script.java:31)
at java.base/java.util.ArrayList.forEach(ArrayList.java:1511)
... Removed 31 stack frames]]>
    </failure>
  </testcase> <!-- @BeforeMethod openApp -->
  <testcase classname="TestNGExcution.Base_Script" name="@AfterMethod testMethodExcution" time="0.0">
    <skipped/>
  </testcase> <!-- @AfterMethod testMethodExcution -->
  <testcase classname="TestNGExcution.Base_Script" name="@AfterClass closeBrowser" time="0.0">
    <skipped/>
  </testcase> <!-- @AfterClass closeBrowser -->
  <testcase classname="TestNGExcution.Base_Script" name="@AfterClass openBrowser" time="0.0">
    <skipped/>
  </testcase> <!-- @AfterClass openBrowser -->
  <testcase classname="TestNGExcution.Login_Script" name="fbLogin" time="0.0">
    <skipped/>
  </testcase> <!-- fbLogin -->
  <testcase classname="TestNGExcution.Create_Account_Script" name="Create" time="0.0">
    <skipped/>
  </testcase> <!-- Create -->
</testsuite> <!-- Test -->
